1715695453.486079 client started (148001): version 3.2a, socket /tmp/tmux-1000/default, protocol 8
1715695453.486100 on Linux 6.5.0-28-generic #29~22.04.1-Ubuntu SMP PREEMPT_DYNAMIC Thu Apr  4 14:39:20 UTC 2
1715695453.486104 using libevent 2.1.12-stable (poll); ncurses 6.3
1715695453.486118 flags are 0x10010000
1715695453.486121 socket is /tmp/tmux-1000/default
1715695453.486130 trying connect
1715695453.486175 add peer 0x65004b727360: 6 ((nil))
1715695453.486377 sending message 100 to peer 0x65004b727360 (4 bytes)
1715695453.486384 sending message 111 to peer 0x65004b727360 (8 bytes)
1715695453.486388 sending message 101 to peer 0x65004b727360 (10 bytes)
1715695453.486392 sending message 109 to peer 0x65004b727360 (4 bytes)
1715695453.486396 sending message 102 to peer 0x65004b727360 (12 bytes)
1715695453.486400 sending message 108 to peer 0x65004b727360 (29 bytes)
1715695453.486404 sending message 112 to peer 0x65004b727360 (58 bytes)
1715695453.486408 sending message 112 to peer 0x65004b727360 (5 bytes)
1715695453.486412 sending message 112 to peer 0x65004b727360 (5 bytes)
1715695453.486416 sending message 112 to peer 0x65004b727360 (6 bytes)
1715695453.486420 sending message 112 to peer 0x65004b727360 (6 bytes)
1715695453.486423 sending message 112 to peer 0x65004b727360 (10 bytes)
1715695453.486427 sending message 112 to peer 0x65004b727360 (13 bytes)
1715695453.486431 sending message 112 to peer 0x65004b727360 (14 bytes)
1715695453.486435 sending message 112 to peer 0x65004b727360 (19 bytes)
1715695453.486438 sending message 112 to peer 0x65004b727360 (11 bytes)
1715695453.486441 sending message 112 to peer 0x65004b727360 (10 bytes)
1715695453.486445 sending message 112 to peer 0x65004b727360 (15 bytes)
1715695453.486448 sending message 112 to peer 0x65004b727360 (21 bytes)
1715695453.486451 sending message 112 to peer 0x65004b727360 (13 bytes)
1715695453.486454 sending message 112 to peer 0x65004b727360 (7 bytes)
1715695453.486457 sending message 112 to peer 0x65004b727360 (13 bytes)
1715695453.486461 sending message 112 to peer 0x65004b727360 (7 bytes)
1715695453.486464 sending message 112 to peer 0x65004b727360 (13 bytes)
1715695453.486467 sending message 112 to peer 0x65004b727360 (9 bytes)
1715695453.486470 sending message 112 to peer 0x65004b727360 (21 bytes)
1715695453.486473 sending message 112 to peer 0x65004b727360 (13 bytes)
1715695453.486476 sending message 112 to peer 0x65004b727360 (9 bytes)
1715695453.486480 sending message 112 to peer 0x65004b727360 (16 bytes)
1715695453.486483 sending message 112 to peer 0x65004b727360 (13 bytes)
1715695453.486486 sending message 112 to peer 0x65004b727360 (9 bytes)
1715695453.486489 sending message 112 to peer 0x65004b727360 (9 bytes)
1715695453.486492 sending message 112 to peer 0x65004b727360 (12 bytes)
1715695453.486495 sending message 112 to peer 0x65004b727360 (8 bytes)
1715695453.486498 sending message 112 to peer 0x65004b727360 (8 bytes)
1715695453.486502 sending message 112 to peer 0x65004b727360 (13 bytes)
1715695453.486505 sending message 112 to peer 0x65004b727360 (7 bytes)
1715695453.486508 sending message 112 to peer 0x65004b727360 (7 bytes)
1715695453.486511 sending message 112 to peer 0x65004b727360 (9 bytes)
1715695453.486514 sending message 112 to peer 0x65004b727360 (6 bytes)
1715695453.486517 sending message 112 to peer 0x65004b727360 (9 bytes)
1715695453.486520 sending message 112 to peer 0x65004b727360 (15 bytes)
1715695453.486523 sending message 112 to peer 0x65004b727360 (13 bytes)
1715695453.486527 sending message 112 to peer 0x65004b727360 (12 bytes)
1715695453.486530 sending message 112 to peer 0x65004b727360 (8 bytes)
1715695453.486533 sending message 112 to peer 0x65004b727360 (14 bytes)
1715695453.486536 sending message 112 to peer 0x65004b727360 (11 bytes)
1715695453.486539 sending message 112 to peer 0x65004b727360 (9 bytes)
1715695453.486542 sending message 112 to peer 0x65004b727360 (10 bytes)
1715695453.486545 sending message 112 to peer 0x65004b727360 (10 bytes)
1715695453.486548 sending message 112 to peer 0x65004b727360 (10 bytes)
1715695453.486557 sending message 112 to peer 0x65004b727360 (10 bytes)
1715695453.486560 sending message 112 to peer 0x65004b727360 (11 bytes)
1715695453.486563 sending message 112 to peer 0x65004b727360 (12 bytes)
1715695453.486566 sending message 112 to peer 0x65004b727360 (12 bytes)
1715695453.486570 sending message 112 to peer 0x65004b727360 (12 bytes)
1715695453.486573 sending message 112 to peer 0x65004b727360 (12 bytes)
1715695453.486576 sending message 112 to peer 0x65004b727360 (12 bytes)
1715695453.486579 sending message 112 to peer 0x65004b727360 (11 bytes)
1715695453.486582 sending message 112 to peer 0x65004b727360 (11 bytes)
1715695453.486585 sending message 112 to peer 0x65004b727360 (12 bytes)
1715695453.486588 sending message 112 to peer 0x65004b727360 (12 bytes)
1715695453.486592 sending message 112 to peer 0x65004b727360 (12 bytes)
1715695453.486595 sending message 112 to peer 0x65004b727360 (12 bytes)
1715695453.486598 sending message 112 to peer 0x65004b727360 (12 bytes)
1715695453.486601 sending message 112 to peer 0x65004b727360 (9 bytes)
1715695453.486604 sending message 112 to peer 0x65004b727360 (12 bytes)
1715695453.486607 sending message 112 to peer 0x65004b727360 (13 bytes)
1715695453.486610 sending message 112 to peer 0x65004b727360 (13 bytes)
1715695453.486614 sending message 112 to peer 0x65004b727360 (13 bytes)
1715695453.486617 sending message 112 to peer 0x65004b727360 (13 bytes)
1715695453.486620 sending message 112 to peer 0x65004b727360 (13 bytes)
1715695453.486623 sending message 112 to peer 0x65004b727360 (8 bytes)
1715695453.486626 sending message 112 to peer 0x65004b727360 (11 bytes)
1715695453.486629 sending message 112 to peer 0x65004b727360 (11 bytes)
1715695453.486632 sending message 112 to peer 0x65004b727360 (11 bytes)
1715695453.486636 sending message 112 to peer 0x65004b727360 (12 bytes)
1715695453.486639 sending message 112 to peer 0x65004b727360 (12 bytes)
1715695453.486642 sending message 112 to peer 0x65004b727360 (12 bytes)
1715695453.486645 sending message 112 to peer 0x65004b727360 (12 bytes)
1715695453.486648 sending message 112 to peer 0x65004b727360 (13 bytes)
1715695453.486651 sending message 112 to peer 0x65004b727360 (13 bytes)
1715695453.486655 sending message 112 to peer 0x65004b727360 (13 bytes)
1715695453.486658 sending message 112 to peer 0x65004b727360 (8 bytes)
1715695453.486661 sending message 112 to peer 0x65004b727360 (13 bytes)
1715695453.486664 sending message 112 to peer 0x65004b727360 (13 bytes)
1715695453.486668 sending message 112 to peer 0x65004b727360 (13 bytes)
1715695453.486671 sending message 112 to peer 0x65004b727360 (13 bytes)
1715695453.486674 sending message 112 to peer 0x65004b727360 (13 bytes)
1715695453.486677 sending message 112 to peer 0x65004b727360 (12 bytes)
1715695453.486680 sending message 112 to peer 0x65004b727360 (12 bytes)
1715695453.486683 sending message 112 to peer 0x65004b727360 (12 bytes)
1715695453.486686 sending message 112 to peer 0x65004b727360 (12 bytes)
1715695453.486690 sending message 112 to peer 0x65004b727360 (13 bytes)
1715695453.486693 sending message 112 to peer 0x65004b727360 (8 bytes)
1715695453.486696 sending message 112 to peer 0x65004b727360 (13 bytes)
1715695453.486699 sending message 112 to peer 0x65004b727360 (13 bytes)
1715695453.486702 sending message 112 to peer 0x65004b727360 (13 bytes)
1715695453.486706 sending message 112 to peer 0x65004b727360 (13 bytes)
1715695453.486709 sending message 112 to peer 0x65004b727360 (13 bytes)
1715695453.486712 sending message 112 to peer 0x65004b727360 (13 bytes)
1715695453.486715 sending message 112 to peer 0x65004b727360 (13 bytes)
1715695453.486719 sending message 112 to peer 0x65004b727360 (12 bytes)
1715695453.486722 sending message 112 to peer 0x65004b727360 (12 bytes)
1715695453.486725 sending message 112 to peer 0x65004b727360 (12 bytes)
1715695453.486728 sending message 112 to peer 0x65004b727360 (8 bytes)
1715695453.486731 sending message 112 to peer 0x65004b727360 (12 bytes)
1715695453.486734 sending message 112 to peer 0x65004b727360 (13 bytes)
1715695453.486741 sending message 112 to peer 0x65004b727360 (13 bytes)
1715695453.486744 sending message 112 to peer 0x65004b727360 (13 bytes)
1715695453.486747 sending message 112 to peer 0x65004b727360 (13 bytes)
1715695453.486750 sending message 112 to peer 0x65004b727360 (13 bytes)
1715695453.486753 sending message 112 to peer 0x65004b727360 (13 bytes)
1715695453.486756 sending message 112 to peer 0x65004b727360 (13 bytes)
1715695453.486759 sending message 112 to peer 0x65004b727360 (13 bytes)
1715695453.486762 sending message 112 to peer 0x65004b727360 (12 bytes)
1715695453.486766 sending message 112 to peer 0x65004b727360 (10 bytes)
1715695453.486769 sending message 112 to peer 0x65004b727360 (12 bytes)
1715695453.486772 sending message 112 to peer 0x65004b727360 (12 bytes)
1715695453.486775 sending message 112 to peer 0x65004b727360 (12 bytes)
1715695453.486778 sending message 112 to peer 0x65004b727360 (13 bytes)
1715695453.486781 sending message 112 to peer 0x65004b727360 (13 bytes)
1715695453.486784 sending message 112 to peer 0x65004b727360 (13 bytes)
1715695453.486787 sending message 112 to peer 0x65004b727360 (13 bytes)
1715695453.486791 sending message 112 to peer 0x65004b727360 (13 bytes)
1715695453.486794 sending message 112 to peer 0x65004b727360 (13 bytes)
1715695453.486797 sending message 112 to peer 0x65004b727360 (13 bytes)
1715695453.486800 sending message 112 to peer 0x65004b727360 (10 bytes)
1715695453.486803 sending message 112 to peer 0x65004b727360 (13 bytes)
1715695453.486806 sending message 112 to peer 0x65004b727360 (12 bytes)
1715695453.486809 sending message 112 to peer 0x65004b727360 (12 bytes)
1715695453.486812 sending message 112 to peer 0x65004b727360 (12 bytes)
1715695453.486816 sending message 112 to peer 0x65004b727360 (10 bytes)
1715695453.486819 sending message 112 to peer 0x65004b727360 (10 bytes)
1715695453.486822 sending message 112 to peer 0x65004b727360 (10 bytes)
1715695453.486825 sending message 112 to peer 0x65004b727360 (12 bytes)
1715695453.486828 sending message 112 to peer 0x65004b727360 (13 bytes)
1715695453.486831 sending message 112 to peer 0x65004b727360 (13 bytes)
1715695453.486840 sending message 112 to peer 0x65004b727360 (13 bytes)
1715695453.486844 sending message 112 to peer 0x65004b727360 (13 bytes)
1715695453.486847 sending message 112 to peer 0x65004b727360 (13 bytes)
1715695453.486851 sending message 112 to peer 0x65004b727360 (10 bytes)
1715695453.486854 sending message 112 to peer 0x65004b727360 (11 bytes)
1715695453.486857 sending message 112 to peer 0x65004b727360 (12 bytes)
1715695453.486860 sending message 112 to peer 0x65004b727360 (12 bytes)
1715695453.486863 sending message 112 to peer 0x65004b727360 (12 bytes)
1715695453.486866 sending message 112 to peer 0x65004b727360 (12 bytes)
1715695453.486869 sending message 112 to peer 0x65004b727360 (12 bytes)
1715695453.486872 sending message 112 to peer 0x65004b727360 (11 bytes)
1715695453.486876 sending message 112 to peer 0x65004b727360 (12 bytes)
1715695453.486879 sending message 112 to peer 0x65004b727360 (12 bytes)
1715695453.486882 sending message 112 to peer 0x65004b727360 (13 bytes)
1715695453.486885 sending message 112 to peer 0x65004b727360 (13 bytes)
1715695453.486888 sending message 112 to peer 0x65004b727360 (13 bytes)
1715695453.486891 sending message 112 to peer 0x65004b727360 (13 bytes)
1715695453.486894 sending message 112 to peer 0x65004b727360 (13 bytes)
1715695453.486898 sending message 112 to peer 0x65004b727360 (10 bytes)
1715695453.486901 sending message 112 to peer 0x65004b727360 (9 bytes)
1715695453.486904 sending message 112 to peer 0x65004b727360 (12 bytes)
1715695453.486907 sending message 112 to peer 0x65004b727360 (13 bytes)
1715695453.486910 sending message 112 to peer 0x65004b727360 (13 bytes)
1715695453.486913 sending message 112 to peer 0x65004b727360 (13 bytes)
1715695453.486916 sending message 112 to peer 0x65004b727360 (13 bytes)
1715695453.486920 sending message 112 to peer 0x65004b727360 (13 bytes)
1715695453.486923 sending message 112 to peer 0x65004b727360 (9 bytes)
1715695453.486929 sending message 112 to peer 0x65004b727360 (12 bytes)
1715695453.486932 sending message 112 to peer 0x65004b727360 (13 bytes)
1715695453.486935 sending message 112 to peer 0x65004b727360 (13 bytes)
1715695453.486938 sending message 112 to peer 0x65004b727360 (13 bytes)
1715695453.486941 sending message 112 to peer 0x65004b727360 (13 bytes)
1715695453.486945 sending message 112 to peer 0x65004b727360 (13 bytes)
1715695453.486948 sending message 112 to peer 0x65004b727360 (11 bytes)
1715695453.486951 sending message 112 to peer 0x65004b727360 (12 bytes)
1715695453.486954 sending message 112 to peer 0x65004b727360 (13 bytes)
1715695453.486957 sending message 112 to peer 0x65004b727360 (13 bytes)
1715695453.486960 sending message 112 to peer 0x65004b727360 (13 bytes)
1715695453.486963 sending message 112 to peer 0x65004b727360 (13 bytes)
1715695453.486967 sending message 112 to peer 0x65004b727360 (13 bytes)
1715695453.486970 sending message 112 to peer 0x65004b727360 (11 bytes)
1715695453.486973 sending message 112 to peer 0x65004b727360 (12 bytes)
1715695453.486976 sending message 112 to peer 0x65004b727360 (12 bytes)
1715695453.486979 sending message 112 to peer 0x65004b727360 (12 bytes)
1715695453.486982 sending message 112 to peer 0x65004b727360 (12 bytes)
1715695453.486985 sending message 112 to peer 0x65004b727360 (12 bytes)
1715695453.486988 sending message 112 to peer 0x65004b727360 (21 bytes)
1715695453.486992 sending message 112 to peer 0x65004b727360 (12 bytes)
1715695453.486995 sending message 112 to peer 0x65004b727360 (9 bytes)
1715695453.486998 sending message 112 to peer 0x65004b727360 (6 bytes)
1715695453.487001 sending message 112 to peer 0x65004b727360 (13 bytes)
1715695453.487004 sending message 112 to peer 0x65004b727360 (10 bytes)
1715695453.487008 sending message 112 to peer 0x65004b727360 (24 bytes)
1715695453.487011 sending message 112 to peer 0x65004b727360 (13 bytes)
1715695453.487014 sending message 112 to peer 0x65004b727360 (9 bytes)
1715695453.487017 sending message 112 to peer 0x65004b727360 (70 bytes)
1715695453.487020 sending message 112 to peer 0x65004b727360 (69 bytes)
1715695453.487023 sending message 112 to peer 0x65004b727360 (12 bytes)
1715695453.487027 sending message 112 to peer 0x65004b727360 (10 bytes)
1715695453.487030 sending message 112 to peer 0x65004b727360 (10 bytes)
1715695453.487033 sending message 112 to peer 0x65004b727360 (24 bytes)
1715695453.487036 sending message 112 to peer 0x65004b727360 (13 bytes)
1715695453.487039 sending message 112 to peer 0x65004b727360 (10 bytes)
1715695453.487042 sending message 112 to peer 0x65004b727360 (10 bytes)
1715695453.487046 sending message 112 to peer 0x65004b727360 (17 bytes)
1715695453.487049 sending message 112 to peer 0x65004b727360 (10 bytes)
1715695453.487052 sending message 112 to peer 0x65004b727360 (13 bytes)
1715695453.487055 sending message 112 to peer 0x65004b727360 (32 bytes)
1715695453.487058 sending message 112 to peer 0x65004b727360 (9 bytes)
1715695453.487061 sending message 112 to peer 0x65004b727360 (15 bytes)
1715695453.487065 sending message 112 to peer 0x65004b727360 (5 bytes)
1715695453.487068 sending message 104 to peer 0x65004b727360 (0 bytes)
1715695453.487072 sending message 110 to peer 0x65004b727360 (0 bytes)
1715695453.487075 sending message 107 to peer 0x65004b727360 (4 bytes)
1715695453.487079 sending message 105 to peer 0x65004b727360 (39 bytes)
1715695453.487082 sending message 105 to peer 0x65004b727360 (56 bytes)
1715695453.487085 sending message 105 to peer 0x65004b727360 (29 bytes)
1715695453.487088 sending message 105 to peer 0x65004b727360 (23 bytes)
1715695453.487091 sending message 105 to peer 0x65004b727360 (20 bytes)
1715695453.487094 sending message 105 to peer 0x65004b727360 (54 bytes)
1715695453.487098 sending message 105 to peer 0x65004b727360 (19 bytes)
1715695453.487101 sending message 105 to peer 0x65004b727360 (11 bytes)
1715695453.487104 sending message 105 to peer 0x65004b727360 (36 bytes)
1715695453.487107 sending message 105 to peer 0x65004b727360 (35 bytes)
1715695453.487113 sending message 105 to peer 0x65004b727360 (12 bytes)
1715695453.487117 sending message 105 to peer 0x65004b727360 (26 bytes)
1715695453.487120 sending message 105 to peer 0x65004b727360 (52 bytes)
1715695453.487123 sending message 105 to peer 0x65004b727360 (14 bytes)
1715695453.487126 sending message 105 to peer 0x65004b727360 (15 bytes)
1715695453.487129 sending message 105 to peer 0x65004b727360 (52 bytes)
1715695453.487133 sending message 105 to peer 0x65004b727360 (19 bytes)
1715695453.487136 sending message 105 to peer 0x65004b727360 (28 bytes)
1715695453.487139 sending message 105 to peer 0x65004b727360 (21 bytes)
1715695453.487142 sending message 105 to peer 0x65004b727360 (41 bytes)
1715695453.487145 sending message 105 to peer 0x65004b727360 (12 bytes)
1715695453.487148 sending message 105 to peer 0x65004b727360 (17 bytes)
1715695453.487152 sending message 105 to peer 0x65004b727360 (15 bytes)
1715695453.487155 sending message 105 to peer 0x65004b727360 (23 bytes)
1715695453.487158 sending message 105 to peer 0x65004b727360 (30 bytes)
1715695453.487161 sending message 105 to peer 0x65004b727360 (27 bytes)
1715695453.487164 sending message 105 to peer 0x65004b727360 (24 bytes)
1715695453.487167 sending message 105 to peer 0x65004b727360 (20 bytes)
1715695453.487170 sending message 105 to peer 0x65004b727360 (23 bytes)
1715695453.487174 sending message 105 to peer 0x65004b727360 (21 bytes)
1715695453.487177 sending message 105 to peer 0x65004b727360 (25 bytes)
1715695453.487180 sending message 105 to peer 0x65004b727360 (20 bytes)
1715695453.487183 sending message 105 to peer 0x65004b727360 (8 bytes)
1715695453.487186 sending message 105 to peer 0x65004b727360 (18 bytes)
1715695453.487190 sending message 105 to peer 0x65004b727360 (32 bytes)
1715695453.487193 sending message 105 to peer 0x65004b727360 (62 bytes)
1715695453.487196 sending message 105 to peer 0x65004b727360 (56 bytes)
1715695453.487199 sending message 105 to peer 0x65004b727360 (16 bytes)
1715695453.487202 sending message 105 to peer 0x65004b727360 (29 bytes)
1715695453.487205 sending message 105 to peer 0x65004b727360 (65 bytes)
1715695453.487208 sending message 105 to peer 0x65004b727360 (36 bytes)
1715695453.487212 sending message 105 to peer 0x65004b727360 (11 bytes)
1715695453.487215 sending message 105 to peer 0x65004b727360 (13 bytes)
1715695453.487218 sending message 105 to peer 0x65004b727360 (1018 bytes)
1715695453.487224 sending message 105 to peer 0x65004b727360 (33 bytes)
1715695453.487227 sending message 105 to peer 0x65004b727360 (19 bytes)
1715695453.487230 sending message 105 to peer 0x65004b727360 (18 bytes)
1715695453.487233 sending message 105 to peer 0x65004b727360 (19 bytes)
1715695453.487236 sending message 105 to peer 0x65004b727360 (8 bytes)
1715695453.487240 sending message 105 to peer 0x65004b727360 (20 bytes)
1715695453.487243 sending message 105 to peer 0x65004b727360 (46 bytes)
1715695453.487246 sending message 105 to peer 0x65004b727360 (15 bytes)
1715695453.487249 sending message 105 to peer 0x65004b727360 (18 bytes)
1715695453.487252 sending message 105 to peer 0x65004b727360 (26 bytes)
1715695453.487255 sending message 105 to peer 0x65004b727360 (36 bytes)
1715695453.487259 sending message 105 to peer 0x65004b727360 (14 bytes)
1715695453.487262 sending message 105 to peer 0x65004b727360 (48 bytes)
1715695453.487265 sending message 105 to peer 0x65004b727360 (82 bytes)
1715695453.487268 sending message 105 to peer 0x65004b727360 (15 bytes)
1715695453.487271 sending message 105 to peer 0x65004b727360 (18 bytes)
1715695453.487274 sending message 105 to peer 0x65004b727360 (39 bytes)
1715695453.487278 sending message 105 to peer 0x65004b727360 (41 bytes)
1715695453.487281 sending message 105 to peer 0x65004b727360 (96 bytes)
1715695453.487284 sending message 105 to peer 0x65004b727360 (53 bytes)
1715695453.487287 sending message 105 to peer 0x65004b727360 (31 bytes)
1715695453.487290 sending message 105 to peer 0x65004b727360 (15 bytes)
1715695453.487294 sending message 105 to peer 0x65004b727360 (52 bytes)
1715695453.487300 sending message 105 to peer 0x65004b727360 (23 bytes)
1715695453.487303 sending message 105 to peer 0x65004b727360 (23 bytes)
1715695453.487306 sending message 105 to peer 0x65004b727360 (18 bytes)
1715695453.487309 sending message 105 to peer 0x65004b727360 (58 bytes)
1715695453.487312 sending message 105 to peer 0x65004b727360 (21 bytes)
1715695453.487316 sending message 105 to peer 0x65004b727360 (11 bytes)
1715695453.487319 sending message 105 to peer 0x65004b727360 (20 bytes)
1715695453.487322 sending message 105 to peer 0x65004b727360 (31 bytes)
1715695453.487325 sending message 105 to peer 0x65004b727360 (16 bytes)
1715695453.487328 sending message 105 to peer 0x65004b727360 (43 bytes)
1715695453.487331 sending message 105 to peer 0x65004b727360 (50 bytes)
1715695453.487334 sending message 105 to peer 0x65004b727360 (56 bytes)
1715695453.487338 sending message 105 to peer 0x65004b727360 (139 bytes)
1715695453.487341 sending message 105 to peer 0x65004b727360 (86 bytes)
1715695453.487344 sending message 106 to peer 0x65004b727360 (0 bytes)
1715695453.487351 sending message 200 to peer 0x65004b727360 (4 bytes)
1715695453.487354 client loop enter
1715695453.487840 peer 0x65004b727360 message 303
1715695453.487846 open write file 2 -
1715695453.487852 sending message 305 to peer 0x65004b727360 (8 bytes)
1715695453.487858 write check file 2
1715695453.487984 peer 0x65004b727360 message 304
1715695453.487992 write 58 to file 2
1715695453.487997 peer 0x65004b727360 message 203
1715695453.488002 file 2 58 bytes left
1715695453.488014 write check file 2
1715695453.488017 client loop exit
